빌드 시작: 2013-06-10 오후 10:31:05
     1>2 노드의 "C:\Users\Kermit\Documents\13주차 실습\ImageTool\ImageTool\ImageTool.vcxproj" 프로젝트(build 대상)입니다.
     1>InitializeBuildStatus:
         "AlwaysCreate"이(가) 지정되었기 때문에 "Debug\ImageTool.unsuccessfulbuild"을(를) 만들고 있습니다.
       ClCompile:
         c:\Program Files (x86)\Microsoft Visual Studio 10.0\VC\bin\CL.exe /c /ZI /nologo /W3 /WX- /Od /Oy- /D WIN32 /D _WINDOWS /D _DEBUG /D _UNICODE /D UNICODE /D _AFXDLL /Gm /EHsc /RTC1 /MDd /GS /fp:precise /Zc:wchar_t /Zc:forScope /Yc"StdAfx.h" /Fp"Debug\ImageTool.pch" /Fo"Debug\\" /Fd"Debug\vc100.pdb" /Gd /TP /analyze- /errorReport:prompt stdafx.cpp
         stdafx.cpp
         c:\Program Files (x86)\Microsoft Visual Studio 10.0\VC\bin\CL.exe /c /ZI /nologo /W3 /WX- /Od /Oy- /D WIN32 /D _WINDOWS /D _DEBUG /D _UNICODE /D UNICODE /D _AFXDLL /Gm /EHsc /RTC1 /MDd /GS /fp:precise /Zc:wchar_t /Zc:forScope /Yu"StdAfx.h" /Fp"Debug\ImageTool.pch" /Fo"Debug\\" /Fd"Debug\vc100.pdb" /Gd /TP /analyze- /errorReport:prompt ArithmeticDlg.cpp BrightnessDlg.cpp ChildFrm.cpp ContrastDlg.cpp DibEnhancement.cpp FileNewDlg.cpp GammaCorrectionDlg.cpp HistogramDlg.cpp ImageTool.cpp ImageToolDoc.cpp ImageToolView.cpp MainFrm.cpp Dib.cpp DibBmp.cpp RGBBYTE.cpp
         RGBBYTE.cpp
         DibBmp.cpp
         Dib.cpp
         MainFrm.cpp
         ImageToolView.cpp
         ImageToolDoc.cpp
         ImageTool.cpp
         HistogramDlg.cpp
         GammaCorrectionDlg.cpp
         FileNewDlg.cpp
         DibEnhancement.cpp
         ContrastDlg.cpp
         ChildFrm.cpp
         BrightnessDlg.cpp
         ArithmeticDlg.cpp
         코드를 생성하고 있습니다...
       ResourceCompile:
         c:\Program Files (x86)\Microsoft SDKs\Windows\v7.0A\bin\rc.exe /D _DEBUG /D _UNICODE /D UNICODE /D _AFXDLL /l"0x0412" /IDebug\ /nologo /fo"Debug\ImageTool.res" ImageTool.rc 
       ManifestResourceCompile:
         c:\Program Files (x86)\Microsoft SDKs\Windows\v7.0A\bin\rc.exe /nologo /fo"Debug\ImageTool.exe.embed.manifest.res" Debug\ImageTool_manifest.rc 
       Link:
         c:\Program Files (x86)\Microsoft Visual Studio 10.0\VC\bin\link.exe /ERRORREPORT:PROMPT /OUT:"C:\Users\Kermit\Documents\13주차 실습\ImageTool\Debug\ImageTool.exe" /INCREMENTAL /NOLOGO /MANIFEST /ManifestFile:"Debug\ImageTool.exe.intermediate.manifest" /MANIFESTUAC:"level='asInvoker' uiAccess='false'" /DEBUG /PDB:"C:\Users\Kermit\Documents\13주차 실습\ImageTool\Debug\ImageTool.pdb" /SUBSYSTEM:WINDOWS /TLBID:1 /ENTRY:"wWinMainCRTStartup" /DYNAMICBASE /NXCOMPAT /IMPLIB:"C:\Users\Kermit\Documents\13주차 실습\ImageTool\Debug\ImageTool.lib" /MACHINE:X86 Debug\ImageTool.res
         Debug\ImageTool.exe.embed.manifest.res
         Debug\ArithmeticDlg.obj
         Debug\BrightnessDlg.obj
         Debug\ChildFrm.obj
         Debug\ContrastDlg.obj
         Debug\DibEnhancement.obj
         Debug\FileNewDlg.obj
         Debug\GammaCorrectionDlg.obj
         Debug\HistogramDlg.obj
         Debug\ImageTool.obj
         Debug\ImageToolDoc.obj
         Debug\ImageToolView.obj
         Debug\MainFrm.obj
         Debug\stdafx.obj
         Debug\Dib.obj
         Debug\DibBmp.obj
         Debug\RGBBYTE.obj
       Manifest:
         c:\Program Files (x86)\Microsoft SDKs\Windows\v7.0A\bin\mt.exe /nologo /verbose /out:"Debug\ImageTool.exe.embed.manifest" /manifest Debug\ImageTool.exe.intermediate.manifest "c:\Program Files (x86)\Microsoft Visual Studio 10.0\VC\Include\Manifest\dpiaware.manifest"
         모든 출력이 최신 상태입니다.
       LinkEmbedManifest:
         모든 출력이 최신 상태입니다.
         ImageTool.vcxproj -> C:\Users\Kermit\Documents\13주차 실습\ImageTool\Debug\ImageTool.exe
       FinalizeBuildStatus:
         "Debug\ImageTool.unsuccessfulbuild" 파일을 삭제하고 있습니다.
         "Debug\ImageTool.lastbuildstate"에 연결(touching)하고 있습니다.
     1>"C:\Users\Kermit\Documents\13주차 실습\ImageTool\ImageTool\ImageTool.vcxproj" 프로젝트를 빌드했습니다(build 대상).

빌드했습니다.

경과 시간: 00:00:22.05
